# JRE version: Java(TM) SE Runtime Environment (8.0_171-b11) (build 1.8.0_171-b11)
# Java VM: Java HotSpot(TM) 64-Bit Server VM (25.171-b11 mixed mode linux-amd64 compressed oops)
Heap:
 PSYoungGen      total 69120K, used 7659K [0x00000000ebf00000, 0x00000000f0c00000, 0x0000000100000000)
  eden space 61440K, 0% used [0x00000000ebf00000,0x00000000ebf00000,0x00000000efb00000)
  from space 7680K, 99% used [0x00000000efb00000,0x00000000f027af80,0x00000000f0280000)
  to   space 5632K, 0% used [0x00000000f0280000,0x00000000f0280000,0x00000000f0800000)
 ParOldGen       total 42496K, used 6737K [0x00000000c3c00000, 0x00000000c6580000, 0x00000000ebf00000)
  object space 42496K, 15% used [0x00000000c3c00000,0x00000000c4294798,0x00000000c6580000)
 Metaspace       used 20863K, capacity 21138K, committed 21296K, reserved 1069056K
  class space    used 2508K, capacity 2601K, committed 2608K, reserved 1048576K
GC Heap History (10 events):
Event: 2,829 GC heap after
Heap after GC invocations=2 (full 0):
 PSYoungGen      total 18432K, used 1927K [0x00000000ebf00000, 0x00000000ee300000, 0x0000000100000000)
  eden space 15872K, 0% used [0x00000000ebf00000,0x00000000ebf00000,0x00000000ece80000)
  from space 2560K, 75% used [0x00000000ed100000,0x00000000ed2e1c18,0x00000000ed380000)
  to   space 2560K, 0% used [0x00000000ece80000,0x00000000ece80000,0x00000000ed100000)
 ParOldGen       total 42496K, used 150K [0x00000000c3c00000, 0x00000000c6580000, 0x00000000ebf00000)
  object space 42496K, 0% used [0x00000000c3c00000,0x00000000c3c25950,0x00000000c6580000)
 Metaspace       used 6381K, capacity 6486K, committed 6656K, reserved 1056768K
  class space    used 744K, capacity 759K, committed 768K, reserved 1048576K
}
Event: 2,983 GC heap before
{Heap before GC invocations=3 (full 0):
 PSYoungGen      total 18432K, used 17799K [0x00000000ebf00000, 0x00000000ee300000, 0x0000000100000000)
  eden space 15872K, 100% used [0x00000000ebf00000,0x00000000ece80000,0x00000000ece80000)
  from space 2560K, 75% used [0x00000000ed100000,0x00000000ed2e1c18,0x00000000ed380000)
  to   space 2560K, 0% used [0x00000000ece80000,0x00000000ece80000,0x00000000ed100000)
 ParOldGen       total 42496K, used 150K [0x00000000c3c00000, 0x00000000c6580000, 0x00000000ebf00000)
  object space 42496K, 0% used [0x00000000c3c00000,0x00000000c3c25950,0x00000000c6580000)
 Metaspace       used 6892K, capacity 7068K, committed 7296K, reserved 1056768K
  class space    used 810K, capacity 825K, committed 896K, reserved 1048576K
Event: 2,988 GC heap after
Heap after GC invocations=3 (full 0):
 PSYoungGen      total 18432K, used 2512K [0x00000000ebf00000, 0x00000000ee300000, 0x0000000100000000)
  eden space 15872K, 0% used [0x00000000ebf00000,0x00000000ebf00000,0x00000000ece80000)
  from space 2560K, 98% used [0x00000000ece80000,0x00000000ed0f4100,0x00000000ed100000)
  to   space 2560K, 0% used [0x00000000ee080000,0x00000000ee080000,0x00000000ee300000)
 ParOldGen       total 42496K, used 158K [0x00000000c3c00000, 0x00000000c6580000, 0x00000000ebf00000)
  object space 42496K, 0% used [0x00000000c3c00000,0x00000000c3c27950,0x00000000c6580000)
 Metaspace       used 6892K, capacity 7068K, committed 7296K, reserved 1056768K
  class space    used 810K, capacity 825K, committed 896K, reserved 1048576K
}
Event: 4,023 GC heap before
{Heap before GC invocations=4 (full 0):
 PSYoungGen      total 18432K, used 18384K [0x00000000ebf00000, 0x00000000ee300000, 0x0000000100000000)
  eden space 15872K, 100% used [0x00000000ebf00000,0x00000000ece80000,0x00000000ece80000)
  from space 2560K, 98% used [0x00000000ece80000,0x00000000ed0f4100,0x00000000ed100000)
  to   space 2560K, 0% used [0x00000000ee080000,0x00000000ee080000,0x00000000ee300000)
 ParOldGen       total 42496K, used 158K [0x00000000c3c00000, 0x00000000c6580000, 0x00000000ebf00000)
  object space 42496K, 0% used [0x00000000c3c00000,0x00000000c3c27950,0x00000000c6580000)
 Metaspace       used 8631K, capacity 8764K, committed 8832K, reserved 1056768K
  class space    used 1066K, capacity 1113K, committed 1152K, reserved 1048576K
Event: 4,028 GC heap after
Heap after GC invocations=4 (full 0):
 PSYoungGen      total 34304K, used 2532K [0x00000000ebf00000, 0x00000000ee300000, 0x0000000100000000)
  eden space 31744K, 0% used [0x00000000ebf00000,0x00000000ebf00000,0x00000000ede00000)
  from space 2560K, 98% used [0x00000000ee080000,0x00000000ee2f9030,0x00000000ee300000)
  to   space 2560K, 0% used [0x00000000ede00000,0x00000000ede00000,0x00000000ee080000)
 ParOldGen       total 42496K, used 550K [0x00000000c3c00000, 0x00000000c6580000, 0x00000000ebf00000)
  object space 42496K, 1% used [0x00000000c3c00000,0x00000000c3c89b18,0x00000000c6580000)
 Metaspace       used 8631K, capacity 8764K, committed 8832K, reserved 1056768K
  class space    used 1066K, capacity 1113K, committed 1152K, reserved 1048576K
}
Event: 4,778 GC heap before
{Heap before GC invocations=5 (full 0):
 PSYoungGen      total 34304K, used 34276K [0x00000000ebf00000, 0x00000000ee300000, 0x0000000100000000)
  eden space 31744K, 100% used [0x00000000ebf00000,0x00000000ede00000,0x00000000ede00000)
  from space 2560K, 98% used [0x00000000ee080000,0x00000000ee2f9030,0x00000000ee300000)
  to   space 2560K, 0% used [0x00000000ede00000,0x00000000ede00000,0x00000000ee080000)
 ParOldGen       total 42496K, used 550K [0x00000000c3c00000, 0x00000000c6580000, 0x00000000ebf00000)
  object space 42496K, 1% used [0x00000000c3c00000,0x00000000c3c89b18,0x00000000c6580000)
 Metaspace       used 12811K, capacity 12988K, committed 13184K, reserved 1060864K
  class space    used 1567K, capacity 1625K, committed 1664K, reserved 1048576K
Event: 4,788 GC heap after
Heap after GC invocations=5 (full 0):
 PSYoungGen      total 34304K, used 2544K [0x00000000ebf00000, 0x00000000f0800000, 0x0000000100000000)
  eden space 31744K, 0% used [0x00000000ebf00000,0x00000000ebf00000,0x00000000ede00000)
  from space 2560K, 99% used [0x00000000ede00000,0x00000000ee07c010,0x00000000ee080000)
  to   space 5632K, 0% used [0x00000000f0280000,0x00000000f0280000,0x00000000f0800000)
 ParOldGen       total 42496K, used 4238K [0x00000000c3c00000, 0x00000000c6580000, 0x00000000ebf00000)
  object space 42496K, 9% used [0x00000000c3c00000,0x00000000c4023a20,0x00000000c6580000)
 Metaspace       used 12811K, capacity 12988K, committed 13184K, reserved 1060864K
  class space    used 1567K, capacity 1625K, committed 1664K, reserved 1048576K
}
Event: 5,556 GC heap before
{Heap before GC invocations=6 (full 0):
 PSYoungGen      total 34304K, used 34288K [0x00000000ebf00000, 0x00000000f0800000, 0x0000000100000000)
  eden space 31744K, 100% used [0x00000000ebf00000,0x00000000ede00000,0x00000000ede00000)
  from space 2560K, 99% used [0x00000000ede00000,0x00000000ee07c010,0x00000000ee080000)
  to   space 5632K, 0% used [0x00000000f0280000,0x00000000f0280000,0x00000000f0800000)
 ParOldGen       total 42496K, used 4238K [0x00000000c3c00000, 0x00000000c6580000, 0x00000000ebf00000)
  object space 42496K, 9% used [0x00000000c3c00000,0x00000000c4023a20,0x00000000c6580000)
 Metaspace       used 16704K, capacity 16928K, committed 17280K, reserved 1064960K
  class space    used 2020K, capacity 2079K, committed 2176K, reserved 1048576K
Event: 5,568 GC heap after
Heap after GC invocations=6 (full 0):
 PSYoungGen      total 67072K, used 5625K [0x00000000ebf00000, 0x00000000f0c00000, 0x0000000100000000)
  eden space 61440K, 0% used [0x00000000ebf00000,0x00000000ebf00000,0x00000000efb00000)
  from space 5632K, 99% used [0x00000000f0280000,0x00000000f07fe430,0x00000000f0800000)
  to   space 7680K, 0% used [0x00000000efb00000,0x00000000efb00000,0x00000000f0280000)
 ParOldGen       total 42496K, used 5492K [0x00000000c3c00000, 0x00000000c6580000, 0x00000000ebf00000)
  object space 42496K, 12% used [0x00000000c3c00000,0x00000000c415d268,0x00000000c6580000)
 Metaspace       used 16704K, capacity 16928K, committed 17280K, reserved 1064960K
  class space    used 2020K, capacity 2079K, committed 2176K, reserved 1048576K
}
Event: 8,576 GC heap before
{Heap before GC invocations=7 (full 0):
 PSYoungGen      total 67072K, used 63083K [0x00000000ebf00000, 0x00000000f0c00000, 0x0000000100000000)
  eden space 61440K, 93% used [0x00000000ebf00000,0x00000000ef71cb38,0x00000000efb00000)
  from space 5632K, 99% used [0x00000000f0280000,0x00000000f07fe430,0x00000000f0800000)
  to   space 7680K, 0% used [0x00000000efb00000,0x00000000efb00000,0x00000000f0280000)
 ParOldGen       total 42496K, used 5492K [0x00000000c3c00000, 0x00000000c6580000, 0x00000000ebf00000)
  object space 42496K, 12% used [0x00000000c3c00000,0x00000000c415d268,0x00000000c6580000)
 Metaspace       used 20863K, capacity 21138K, committed 21296K, reserved 1069056K
  class space    used 2508K, capacity 2601K, committed 2608K, reserved 1048576K

