<?xml version="1.0" encoding="UTF-8"?>
<testsuite name="com.ctl.LabApplicationTests" time="0.017" tests="1" errors="1" skipped="0" failures="0">
  <properties>
[...]
</properties>
  <testcase name="initializationError" classname="com.ctl.LabApplicationTests" time="0.017">
    <error message="Unable to find a @SpringBootConfiguration, you need to use @ContextConfiguration or @SpringBootTest(classes=...) with your test" type="java.lang.IllegalStateException"><![CDATA[java.lang.IllegalStateException: Unable to find a @SpringBootConfiguration, you need to use @ContextConfiguration or @SpringBootTest(classes=...) with your test
	at org.springframework.util.Assert.state(Assert.java:70)
	at org.springframework.boot.test.context.SpringBootTestContextBootstrapper.getOrFindConfigurationClasses(SpringBootTestContextBootstrapper.java:202)
	at org.springframework.boot.test.context.SpringBootTestContextBootstrapper.processMergedContextConfiguration(SpringBootTestContextBootstrapper.java:137)
	at org.springframework.test.context.support.AbstractTestContextBootstrapper.buildMergedContextConfiguration(AbstractTestContextBootstrapper.java:409)
	at org.springframework.test.context.support.AbstractTestContextBootstrapper.buildDefaultMergedContextConfiguration(AbstractTestContextBootstrapper.java:323)
	at org.springframework.test.context.support.AbstractTestContextBootstrapper.buildMergedContextConfiguration(AbstractTestContextBootstrapper.java:277)
	at org.springframework.test.context.support.AbstractTestContextBootstrapper.buildTestContext(AbstractTestContextBootstrapper.java:112)
	at org.springframework.boot.test.context.SpringBootTestContextBootstrapper.buildTestContext(SpringBootTestContextBootstrapper.java:82)
	at org.springframework.test.context.TestContextManager.<init>(TestContextManager.java:120)
	at org.springframework.test.context.TestContextManager.<init>(TestContextManager.java:105)
	at org.springframework.test.context.junit4.SpringJUnit4ClassRunner.createTestContextManager(SpringJUnit4ClassRunner.java:152)
	at org.springframework.test.context.junit4.SpringJUnit4ClassRunner.<init>(SpringJUnit4ClassRunner.java:143)
	at org.springframework.test.context.junit4.SpringRunner.<init>(SpringRunner.java:49)
	at sun.reflect.NativeConstructorAccessorImpl.newInstance0(Native Method)
	at sun.reflect.NativeConstructorAccessorImpl.newInstance(NativeConstructorAccessorImpl.java:62)
	at sun.reflect.DelegatingConstructorAccessorImpl.newInstance(DelegatingConstructorAccessorImpl.java:45)
	at java.lang.reflect.Constructor.newInstance(Constructor.java:423)
	at org.junit.internal.builders.AnnotatedBuilder.buildRunner(AnnotatedBuilder.java:104)
	at org.junit.internal.builders.AnnotatedBuilder.runnerForClass(AnnotatedBuilder.java:86)
	at org.junit.runners.model.RunnerBuilder.safeRunnerForClass(RunnerBuilder.java:59)
	at org.junit.internal.builders.AllDefaultPossibilitiesBuilder.runnerForClass(AllDefaultPossibilitiesBuilder.java:26)
	at org.junit.runners.model.RunnerBuilder.safeRunnerForClass(RunnerBuilder.java:59)
	at org.junit.internal.requests.ClassRequest.getRunner(ClassRequest.java:33)
	at org.apache.maven.surefire.junit4.JUnit4Provider.execute(JUnit4Provider.java:283)
	at org.apache.maven.surefire.junit4.JUnit4Provider.executeWithRerun(JUnit4Provider.java:173)
	at org.apache.maven.surefire.junit4.JUnit4Provider.executeTestSet(JUnit4Provider.java:153)
	at org.apache.maven.surefire.junit4.JUnit4Provider.invoke(JUnit4Provider.java:128)
	at org.apache.maven.surefire.booter.ForkedBooter.invokeProviderInSameClassLoader(ForkedBooter.java:203)
	at org.apache.maven.surefire.booter.ForkedBooter.runSuitesInProcess(ForkedBooter.java:155)
	at org.apache.maven.surefire.booter.ForkedBooter.main(ForkedBooter.java:103)
]]></error>
    <system-out><![CDATA[01:26:18.811 [main] DEBUG org.springframework.test.context.junit4.SpringJUnit4ClassRunner - SpringJUnit4ClassRunner constructor called with [class com.ctl.LabApplicationTests]
01:26:18.822 [main] DEBUG org.springframework.test.context.BootstrapUtils - Instantiating CacheAwareContextLoaderDelegate from class [org.springframework.test.context.cache.DefaultCacheAwareContextLoaderDelegate]
01:26:18.846 [main] DEBUG org.springframework.test.context.BootstrapUtils - Instantiating BootstrapContext using constructor [public org.springframework.test.context.support.DefaultBootstrapContext(java.lang.Class,org.springframework.test.context.CacheAwareContextLoaderDelegate)]
01:26:18.895 [main] DEBUG org.springframework.test.context.BootstrapUtils - Instantiating TestContextBootstrapper for test class [com.ctl.LabApplicationTests] from class [org.springframework.boot.test.context.SpringBootTestContextBootstrapper]
01:26:18.911 [main] INFO org.springframework.boot.test.context.SpringBootTestContextBootstrapper - Neither @ContextConfiguration nor @ContextHierarchy found for test class [com.ctl.LabApplicationTests], using SpringBootContextLoader
01:26:18.917 [main] DEBUG org.springframework.test.context.support.AbstractContextLoader - Did not detect default resource location for test class [com.ctl.LabApplicationTests]: class path resource [com/ctl/LabApplicationTests-context.xml] does not exist
01:26:18.918 [main] DEBUG org.springframework.test.context.support.AbstractContextLoader - Did not detect default resource location for test class [com.ctl.LabApplicationTests]: class path resource [com/ctl/LabApplicationTestsContext.groovy] does not exist
01:26:18.918 [main] INFO org.springframework.test.context.support.AbstractContextLoader - Could not detect default resource locations for test class [com.ctl.LabApplicationTests]: no resource found for suffixes {-context.xml, Context.groovy}.
01:26:18.919 [main] INFO org.springframework.test.context.support.AnnotationConfigContextLoaderUtils - Could not detect default configuration classes for test class [com.ctl.LabApplicationTests]: LabApplicationTests does not declare any static, non-private, non-final, nested classes annotated with @Configuration.
01:26:18.984 [main] DEBUG org.springframework.test.context.support.ActiveProfilesUtils - Could not find an 'annotation declaring class' for annotation type [org.springframework.test.context.ActiveProfiles] and class [com.ctl.LabApplicationTests]
01:26:19.002 [main] DEBUG org.springframework.core.env.StandardEnvironment - Adding PropertySource 'systemProperties' with lowest search precedence
01:26:19.004 [main] DEBUG org.springframework.core.env.StandardEnvironment - Adding PropertySource 'systemEnvironment' with lowest search precedence
01:26:19.006 [main] DEBUG org.springframework.core.env.StandardEnvironment - Initialized StandardEnvironment with PropertySources [MapPropertySource@712256162 {name='systemProperties', properties={java.runtime.name=Java(TM) SE Runtime Environment, sun.boot.library.path=/usr/lib/jvm/java-8-oracle/jre/lib/amd64, java.vm.version=25.181-b13, java.vm.vendor=Oracle Corporation, java.vendor.url=http://java.oracle.com/, path.separator=:, java.vm.name=Java HotSpot(TM) 64-Bit Server VM, file.encoding.pkg=sun.io, user.country=BR, sun.java.launcher=SUN_STANDARD, sun.os.patch.level=unknown, java.vm.specification.name=Java Virtual Machine Specification, user.dir=/home/lucas/Área de Trabalho/IDV, java.runtime.version=1.8.0_181-b13, basedir=/home/lucas/Área de Trabalho/IDV, java.awt.graphicsenv=sun.awt.X11GraphicsEnvironment, java.endorsed.dirs=/usr/lib/jvm/java-8-oracle/jre/lib/endorsed, os.arch=amd64, surefire.real.class.path=/home/lucas/Área de Trabalho/IDV/target/surefire/surefirebooter6997136182449057281.jar, java.io.tmpdir=/tmp, line.separator=
, java.vm.specification.vendor=Oracle Corporation, os.name=Linux, maven.ext.class.path=/opt/netbeans/java/maven-nblib/netbeans-eventspy.jar, sun.jnu.encoding=UTF-8, java.library.path=/usr/lib/jvm/java-8-oracle/bin/../jre/lib/amd64:/usr/lib/jvm/java-8-oracle/bin/../jre/lib/i386::/usr/java/packages/lib/amd64:/usr/lib64:/lib64:/lib:/usr/lib, surefire.test.class.path=/home/lucas/Área de Trabalho/IDV/target/test-classes:/home/lucas/Área de Trabalho/IDV/target/classes:/home/lucas/.m2/repository/org/springframework/boot/spring-boot-starter-data-jpa/1.5.7.RELEASE/spring-boot-starter-data-jpa-1.5.7.RELEASE.jar:/home/lucas/.m2/repository/org/springframework/boot/spring-boot-starter/1.5.7.RELEASE/spring-boot-starter-1.5.7.RELEASE.jar:/home/lucas/.m2/repository/org/springframework/boot/spring-boot-starter-logging/1.5.7.RELEASE/spring-boot-starter-logging-1.5.7.RELEASE.jar:/home/lucas/.m2/repository/ch/qos/logback/logback-classic/1.1.11/logback-classic-1.1.11.jar:/home/lucas/.m2/repository/ch/qos/logback/logback-core/1.1.11/logback-core-1.1.11.jar:/home/lucas/.m2/repository/org/slf4j/jul-to-slf4j/1.7.25/jul-to-slf4j-1.7.25.jar:/home/lucas/.m2/repository/org/slf4j/log4j-over-slf4j/1.7.25/log4j-over-slf4j-1.7.25.jar:/home/lucas/.m2/repository/org/yaml/snakeyaml/1.17/snakeyaml-1.17.jar:/home/lucas/.m2/repository/org/springframework/boot/spring-boot-starter-aop/1.5.7.RELEASE/spring-boot-starter-aop-1.5.7.RELEASE.jar:/home/lucas/.m2/repository/org/aspectj/aspectjweaver/1.8.10/aspectjweaver-1.8.10.jar:/home/lucas/.m2/repository/org/springframework/boot/spring-boot-starter-jdbc/1.5.7.RELEASE/spring-boot-starter-jdbc-1.5.7.RELEASE.jar:/home/lucas/.m2/repository/org/apache/tomcat/tomcat-jdbc/8.5.20/tomcat-jdbc-8.5.20.jar:/home/lucas/.m2/repository/org/apache/tomcat/tomcat-juli/8.5.20/tomcat-juli-8.5.20.jar:/home/lucas/.m2/repository/org/springframework/spring-jdbc/4.3.11.RELEASE/spring-jdbc-4.3.11.RELEASE.jar:/home/lucas/.m2/repository/org/hibernate/hibernate-core/5.0.12.Final/hibernate-core-5.0.12.Final.jar:/home/lucas/.m2/repository/org/jboss/logging/jboss-logging/3.3.1.Final/jboss-logging-3.3.1.Final.jar:/home/lucas/.m2/repository/org/hibernate/javax/persistence/hibernate-jpa-2.1-api/1.0.0.Final/hibernate-jpa-2.1-api-1.0.0.Final.jar:/home/lucas/.m2/repository/org/javassist/javassist/3.21.0-GA/javassist-3.21.0-GA.jar:/home/lucas/.m2/repository/antlr/antlr/2.7.7/antlr-2.7.7.jar:/home/lucas/.m2/repository/org/jboss/jandex/2.0.0.Final/jandex-2.0.0.Final.jar:/home/lucas/.m2/repository/dom4j/dom4j/1.6.1/dom4j-1.6.1.jar:/home/lucas/.m2/repository/org/hibernate/common/hibernate-commons-annotations/5.0.1.Final/hibernate-commons-annotations-5.0.1.Final.jar:/home/lucas/.m2/repository/org/hibernate/hibernate-entitymanager/5.0.12.Final/hibernate-entitymanager-5.0.12.Final.jar:/home/lucas/.m2/repository/javax/transaction/javax.transaction-api/1.2/javax.transaction-api-1.2.jar:/home/lucas/.m2/repository/org/springframework/data/spring-data-jpa/1.11.7.RELEASE/spring-data-jpa-1.11.7.RELEASE.jar:/home/lucas/.m2/repository/org/springframework/data/spring-data-commons/1.13.7.RELEASE/spring-data-commons-1.13.7.RELEASE.jar:/home/lucas/.m2/repository/org/springframework/spring-orm/4.3.11.RELEASE/spring-orm-4.3.11.RELEASE.jar:/home/lucas/.m2/repository/org/springframework/spring-context/4.3.11.RELEASE/spring-context-4.3.11.RELEASE.jar:/home/lucas/.m2/repository/org/springframework/spring-tx/4.3.11.RELEASE/spring-tx-4.3.11.RELEASE.jar:/home/lucas/.m2/repository/org/springframework/spring-beans/4.3.11.RELEASE/spring-beans-4.3.11.RELEASE.jar:/home/lucas/.m2/repository/org/slf4j/jcl-over-slf4j/1.7.25/jcl-over-slf4j-1.7.25.jar:/home/lucas/.m2/repository/org/springframework/spring-aspects/4.3.11.RELEASE/spring-aspects-4.3.11.RELEASE.jar:/home/lucas/.m2/repository/org/springframework/boot/spring-boot-starter-thymeleaf/1.3.6.RELEASE/spring-boot-starter-thymeleaf-1.3.6.RELEASE.jar:/home/lucas/.m2/repository/org/thymeleaf/thymeleaf-spring4/2.1.5.RELEASE/thymeleaf-spring4-2.1.5.RELEASE.jar:/home/lucas/.m2/repository/org/thymeleaf/thymeleaf/2.1.5.RELEASE/thymeleaf-2.1.5.RELEASE.jar:/home/lucas/.m2/repository/ognl/ognl/3.0.8/ognl-3.0.8.jar:/home/lucas/.m2/repository/org/unbescape/unbescape/1.1.0.RELEASE/unbescape-1.1.0.RELEASE.jar:/home/lucas/.m2/repository/nz/net/ultraq/thymeleaf/thymeleaf-layout-dialect/1.4.0/thymeleaf-layout-dialect-1.4.0.jar:/home/lucas/.m2/repository/org/codehaus/groovy/groovy/2.4.12/groovy-2.4.12.jar:/home/lucas/.m2/repository/mysql/mysql-connector-java/5.1.44/mysql-connector-java-5.1.44.jar:/home/lucas/.m2/repository/org/springframework/boot/spring-boot-starter-web/1.3.6.RELEASE/spring-boot-starter-web-1.3.6.RELEASE.jar:/home/lucas/.m2/repository/org/springframework/boot/spring-boot-starter-tomcat/1.5.7.RELEASE/spring-boot-starter-tomcat-1.5.7.RELEASE.jar:/home/lucas/.m2/repository/org/apache/tomcat/embed/tomcat-embed-core/8.5.20/tomcat-embed-core-8.5.20.jar:/home/lucas/.m2/repository/org/apache/tomcat/embed/tomcat-embed-el/8.5.20/tomcat-embed-el-8.5.20.jar:/home/lucas/.m2/repository/org/apache/tomcat/embed/tomcat-embed-websocket/8.5.20/tomcat-embed-websocket-8.5.20.jar:/home/lucas/.m2/repository/org/springframework/boot/spring-boot-starter-validation/1.5.7.RELEASE/spring-boot-starter-validation-1.5.7.RELEASE.jar:/home/lucas/.m2/repository/org/hibernate/hibernate-validator/5.3.5.Final/hibernate-validator-5.3.5.Final.jar:/home/lucas/.m2/repository/javax/validation/validation-api/1.1.0.Final/validation-api-1.1.0.Final.jar:/home/lucas/.m2/repository/com/fasterxml/classmate/1.3.4/classmate-1.3.4.jar:/home/lucas/.m2/repository/com/fasterxml/jackson/core/jackson-databind/2.8.10/jackson-databind-2.8.10.jar:/home/lucas/.m2/repository/com/fasterxml/jackson/core/jackson-annotations/2.8.0/jackson-annotations-2.8.0.jar:/home/lucas/.m2/repository/com/fasterxml/jackson/core/jackson-core/2.8.10/jackson-core-2.8.10.jar:/home/lucas/.m2/repository/org/springframework/spring-web/4.3.11.RELEASE/spring-web-4.3.11.RELEASE.jar:/home/lucas/.m2/repository/org/springframework/spring-webmvc/4.3.11.RELEASE/spring-webmvc-4.3.11.RELEASE.jar:/home/lucas/.m2/repository/org/springframework/spring-expression/4.3.11.RELEASE/spring-expression-4.3.11.RELEASE.jar:/home/lucas/.m2/repository/org/springframework/boot/spring-boot-starter-security/1.5.7.RELEASE/spring-boot-starter-security-1.5.7.RELEASE.jar:/home/lucas/.m2/repository/org/springframework/spring-aop/4.3.11.RELEASE/spring-aop-4.3.11.RELEASE.jar:/home/lucas/.m2/repository/org/springframework/security/spring-security-config/4.2.3.RELEASE/spring-security-config-4.2.3.RELEASE.jar:/home/lucas/.m2/repository/org/springframework/security/spring-security-core/4.2.3.RELEASE/spring-security-core-4.2.3.RELEASE.jar:/home/lucas/.m2/repository/org/springframework/security/spring-security-web/4.2.3.RELEASE/spring-security-web-4.2.3.RELEASE.jar:/home/lucas/.m2/repository/org/thymeleaf/extras/thymeleaf-extras-springsecurity4/2.1.3.RELEASE/thymeleaf-extras-springsecurity4-2.1.3.RELEASE.jar:/home/lucas/.m2/repository/org/slf4j/slf4j-api/1.7.25/slf4j-api-1.7.25.jar:/home/lucas/.m2/repository/org/springframework/boot/spring-boot-devtools/1.5.7.RELEASE/spring-boot-devtools-1.5.7.RELEASE.jar:/home/lucas/.m2/repository/org/springframework/boot/spring-boot/1.5.7.RELEASE/spring-boot-1.5.7.RELEASE.jar:/home/lucas/.m2/repository/org/springframework/boot/spring-boot-autoconfigure/1.5.7.RELEASE/spring-boot-autoconfigure-1.5.7.RELEASE.jar:/home/lucas/.m2/repository/org/hsqldb/hsqldb/2.3.5/hsqldb-2.3.5.jar:/home/lucas/.m2/repository/org/flywaydb/flyway-core/3.2.1/flyway-core-3.2.1.jar:/home/lucas/.m2/repository/org/springframework/boot/spring-boot-starter-test/1.5.7.RELEASE/spring-boot-starter-test-1.5.7.RELEASE.jar:/home/lucas/.m2/repository/org/springframework/boot/spring-boot-test/1.5.7.RELEASE/spring-boot-test-1.5.7.RELEASE.jar:/home/lucas/.m2/repository/org/springframework/boot/spring-boot-test-autoconfigure/1.5.7.RELEASE/spring-boot-test-autoconfigure-1.5.7.RELEASE.jar:/home/lucas/.m2/repository/com/jayway/jsonpath/json-path/2.2.0/json-path-2.2.0.jar:/home/lucas/.m2/repository/net/minidev/json-smart/2.2.1/json-smart-2.2.1.jar:/home/lucas/.m2/repository/net/minidev/accessors-smart/1.1/accessors-smart-1.1.jar:/home/lucas/.m2/repository/org/ow2/asm/asm/5.0.3/asm-5.0.3.jar:/home/lucas/.m2/repository/junit/junit/4.12/junit-4.12.jar:/home/lucas/.m2/repository/org/assertj/assertj-core/2.6.0/assertj-core-2.6.0.jar:/home/lucas/.m2/repository/org/mockito/mockito-core/1.10.19/mockito-core-1.10.19.jar:/home/lucas/.m2/repository/org/objenesis/objenesis/2.1/objenesis-2.1.jar:/home/lucas/.m2/repository/org/hamcrest/hamcrest-core/1.3/hamcrest-core-1.3.jar:/home/lucas/.m2/repository/org/hamcrest/hamcrest-library/1.3/hamcrest-library-1.3.jar:/home/lucas/.m2/repository/org/skyscreamer/jsonassert/1.4.0/jsonassert-1.4.0.jar:/home/lucas/.m2/repository/com/vaadin/external/google/android-json/0.0.20131108.vaadin1/android-json-0.0.20131108.vaadin1.jar:/home/lucas/.m2/repository/org/springframework/spring-core/4.3.11.RELEASE/spring-core-4.3.11.RELEASE.jar:/home/lucas/.m2/repository/org/springframework/spring-test/4.3.11.RELEASE/spring-test-4.3.11.RELEASE.jar:/home/lucas/.m2/repository/org/springframework/security/spring-security-crypto/3.1.0.RELEASE/spring-security-crypto-3.1.0.RELEASE.jar:/home/lucas/.m2/repository/net/sourceforge/nekohtml/nekohtml/1.9.22/nekohtml-1.9.22.jar:/home/lucas/.m2/repository/xerces/xercesImpl/2.11.0/xercesImpl-2.11.0.jar:/home/lucas/.m2/repository/xml-apis/xml-apis/1.4.01/xml-apis-1.4.01.jar:, java.specification.name=Java Platform API Specification, java.class.version=52.0, sun.management.compiler=HotSpot 64-Bit Tiered Compilers, os.version=4.15.0-29-generic, user.home=/home/lucas, user.timezone=America/Sao_Paulo, java.awt.printerjob=sun.print.PSPrinterJob, file.encoding=UTF-8, java.specification.version=1.8, java.class.path=/home/lucas/Área de Trabalho/IDV/target/test-classes:/home/lucas/Área de Trabalho/IDV/target/classes:/home/lucas/.m2/repository/org/springframework/boot/spring-boot-starter-data-jpa/1.5.7.RELEASE/spring-boot-starter-data-jpa-1.5.7.RELEASE.jar:/home/lucas/.m2/repository/org/springframework/boot/spring-boot-starter/1.5.7.RELEASE/spring-boot-starter-1.5.7.RELEASE.jar:/home/lucas/.m2/repository/org/springframework/boot/spring-boot-starter-logging/1.5.7.RELEASE/spring-boot-starter-logging-1.5.7.RELEASE.jar:/home/lucas/.m2/repository/ch/qos/logback/logback-classic/1.1.11/logback-classic-1.1.11.jar:/home/lucas/.m2/repository/ch/qos/logback/logback-core/1.1.11/logback-core-1.1.11.jar:/home/lucas/.m2/repository/org/slf4j/jul-to-slf4j/1.7.25/jul-to-slf4j-1.7.25.jar:/home/lucas/.m2/repository/org/slf4j/log4j-over-slf4j/1.7.25/log4j-over-slf4j-1.7.25.jar:/home/lucas/.m2/repository/org/yaml/snakeyaml/1.17/snakeyaml-1.17.jar:/home/lucas/.m2/repository/org/springframework/boot/spring-boot-starter-aop/1.5.7.RELEASE/spring-boot-starter-aop-1.5.7.RELEASE.jar:/home/lucas/.m2/repository/org/aspectj/aspectjweaver/1.8.10/aspectjweaver-1.8.10.jar:/home/lucas/.m2/repository/org/springframework/boot/spring-boot-starter-jdbc/1.5.7.RELEASE/spring-boot-starter-jdbc-1.5.7.RELEASE.jar:/home/lucas/.m2/repository/org/apache/tomcat/tomcat-jdbc/8.5.20/tomcat-jdbc-8.5.20.jar:/home/lucas/.m2/repository/org/apache/tomcat/tomcat-juli/8.5.20/tomcat-juli-8.5.20.jar:/home/lucas/.m2/repository/org/springframework/spring-jdbc/4.3.11.RELEASE/spring-jdbc-4.3.11.RELEASE.jar:/home/lucas/.m2/repository/org/hibernate/hibernate-core/5.0.12.Final/hibernate-core-5.0.12.Final.jar:/home/lucas/.m2/repository/org/jboss/logging/jboss-logging/3.3.1.Final/jboss-logging-3.3.1.Final.jar:/home/lucas/.m2/repository/org/hibernate/javax/persistence/hibernate-jpa-2.1-api/1.0.0.Final/hibernate-jpa-2.1-api-1.0.0.Final.jar:/home/lucas/.m2/repository/org/javassist/javassist/3.21.0-GA/javassist-3.21.0-GA.jar:/home/lucas/.m2/repository/antlr/antlr/2.7.7/antlr-2.7.7.jar:/home/lucas/.m2/repository/org/jboss/jandex/2.0.0.Final/jandex-2.0.0.Final.jar:/home/lucas/.m2/repository/dom4j/dom4j/1.6.1/dom4j-1.6.1.jar:/home/lucas/.m2/repository/org/hibernate/common/hibernate-commons-annotations/5.0.1.Final/hibernate-commons-annotations-5.0.1.Final.jar:/home/lucas/.m2/repository/org/hibernate/hibernate-entitymanager/5.0.12.Final/hibernate-entitymanager-5.0.12.Final.jar:/home/lucas/.m2/repository/javax/transaction/javax.transaction-api/1.2/javax.transaction-api-1.2.jar:/home/lucas/.m2/repository/org/springframework/data/spring-data-jpa/1.11.7.RELEASE/spring-data-jpa-1.11.7.RELEASE.jar:/home/lucas/.m2/repository/org/springframework/data/spring-data-commons/1.13.7.RELEASE/spring-data-commons-1.13.7.RELEASE.jar:/home/lucas/.m2/repository/org/springframework/spring-orm/4.3.11.RELEASE/spring-orm-4.3.11.RELEASE.jar:/home/lucas/.m2/repository/org/springframework/spring-context/4.3.11.RELEASE/spring-context-4.3.11.RELEASE.jar:/home/lucas/.m2/repository/org/springframework/spring-tx/4.3.11.RELEASE/spring-tx-4.3.11.RELEASE.jar:/home/lucas/.m2/repository/org/springframework/spring-beans/4.3.11.RELEASE/spring-beans-4.3.11.RELEASE.jar:/home/lucas/.m2/repository/org/slf4j/jcl-over-slf4j/1.7.25/jcl-over-slf4j-1.7.25.jar:/home/lucas/.m2/repository/org/springframework/spring-aspects/4.3.11.RELEASE/spring-aspects-4.3.11.RELEASE.jar:/home/lucas/.m2/repository/org/springframework/boot/spring-boot-starter-thymeleaf/1.3.6.RELEASE/spring-boot-starter-thymeleaf-1.3.6.RELEASE.jar:/home/lucas/.m2/repository/org/thymeleaf/thymeleaf-spring4/2.1.5.RELEASE/thymeleaf-spring4-2.1.5.RELEASE.jar:/home/lucas/.m2/repository/org/thymeleaf/thymeleaf/2.1.5.RELEASE/thymeleaf-2.1.5.RELEASE.jar:/home/lucas/.m2/repository/ognl/ognl/3.0.8/ognl-3.0.8.jar:/home/lucas/.m2/repository/org/unbescape/unbescape/1.1.0.RELEASE/unbescape-1.1.0.RELEASE.jar:/home/lucas/.m2/repository/nz/net/ultraq/thymeleaf/thymeleaf-layout-dialect/1.4.0/thymeleaf-layout-dialect-1.4.0.jar:/home/lucas/.m2/repository/org/codehaus/groovy/groovy/2.4.12/groovy-2.4.12.jar:/home/lucas/.m2/repository/mysql/mysql-connector-java/5.1.44/mysql-connector-java-5.1.44.jar:/home/lucas/.m2/repository/org/springframework/boot/spring-boot-starter-web/1.3.6.RELEASE/spring-boot-starter-web-1.3.6.RELEASE.jar:/home/lucas/.m2/repository/org/springframework/boot/spring-boot-starter-tomcat/1.5.7.RELEASE/spring-boot-starter-tomcat-1.5.7.RELEASE.jar:/home/lucas/.m2/repository/org/apache/tomcat/embed/tomcat-embed-core/8.5.20/tomcat-embed-core-8.5.20.jar:/home/lucas/.m2/repository/org/apache/tomcat/embed/tomcat-embed-el/8.5.20/tomcat-embed-el-8.5.20.jar:/home/lucas/.m2/repository/org/apache/tomcat/embed/tomcat-embed-websocket/8.5.20/tomcat-embed-websocket-8.5.20.jar:/home/lucas/.m2/repository/org/springframework/boot/spring-boot-starter-validation/1.5.7.RELEASE/spring-boot-starter-validation-1.5.7.RELEASE.jar:/home/lucas/.m2/repository/org/hibernate/hibernate-validator/5.3.5.Final/hibernate-validator-5.3.5.Final.jar:/home/lucas/.m2/repository/javax/validation/validation-api/1.1.0.Final/validation-api-1.1.0.Final.jar:/home/lucas/.m2/repository/com/fasterxml/classmate/1.3.4/classmate-1.3.4.jar:/home/lucas/.m2/repository/com/fasterxml/jackson/core/jackson-databind/2.8.10/jackson-databind-2.8.10.jar:/home/lucas/.m2/repository/com/fasterxml/jackson/core/jackson-annotations/2.8.0/jackson-annotations-2.8.0.jar:/home/lucas/.m2/repository/com/fasterxml/jackson/core/jackson-core/2.8.10/jackson-core-2.8.10.jar:/home/lucas/.m2/repository/org/springframework/spring-web/4.3.11.RELEASE/spring-web-4.3.11.RELEASE.jar:/home/lucas/.m2/repository/org/springframework/spring-webmvc/4.3.11.RELEASE/spring-webmvc-4.3.11.RELEASE.jar:/home/lucas/.m2/repository/org/springframework/spring-expression/4.3.11.RELEASE/spring-expression-4.3.11.RELEASE.jar:/home/lucas/.m2/repository/org/springframework/boot/spring-boot-starter-security/1.5.7.RELEASE/spring-boot-starter-security-1.5.7.RELEASE.jar:/home/lucas/.m2/repository/org/springframework/spring-aop/4.3.11.RELEASE/spring-aop-4.3.11.RELEASE.jar:/home/lucas/.m2/repository/org/springframework/security/spring-security-config/4.2.3.RELEASE/spring-security-config-4.2.3.RELEASE.jar:/home/lucas/.m2/repository/org/springframework/security/spring-security-core/4.2.3.RELEASE/spring-security-core-4.2.3.RELEASE.jar:/home/lucas/.m2/repository/org/springframework/security/spring-security-web/4.2.3.RELEASE/spring-security-web-4.2.3.RELEASE.jar:/home/lucas/.m2/repository/org/thymeleaf/extras/thymeleaf-extras-springsecurity4/2.1.3.RELEASE/thymeleaf-extras-springsecurity4-2.1.3.RELEASE.jar:/home/lucas/.m2/repository/org/slf4j/slf4j-api/1.7.25/slf4j-api-1.7.25.jar:/home/lucas/.m2/repository/org/springframework/boot/spring-boot-devtools/1.5.7.RELEASE/spring-boot-devtools-1.5.7.RELEASE.jar:/home/lucas/.m2/repository/org/springframework/boot/spring-boot/1.5.7.RELEASE/spring-boot-1.5.7.RELEASE.jar:/home/lucas/.m2/repository/org/springframework/boot/spring-boot-autoconfigure/1.5.7.RELEASE/spring-boot-autoconfigure-1.5.7.RELEASE.jar:/home/lucas/.m2/repository/org/hsqldb/hsqldb/2.3.5/hsqldb-2.3.5.jar:/home/lucas/.m2/repository/org/flywaydb/flyway-core/3.2.1/flyway-core-3.2.1.jar:/home/lucas/.m2/repository/org/springframework/boot/spring-boot-starter-test/1.5.7.RELEASE/spring-boot-starter-test-1.5.7.RELEASE.jar:/home/lucas/.m2/repository/org/springframework/boot/spring-boot-test/1.5.7.RELEASE/spring-boot-test-1.5.7.RELEASE.jar:/home/lucas/.m2/repository/org/springframework/boot/spring-boot-test-autoconfigure/1.5.7.RELEASE/spring-boot-test-autoconfigure-1.5.7.RELEASE.jar:/home/lucas/.m2/repository/com/jayway/jsonpath/json-path/2.2.0/json-path-2.2.0.jar:/home/lucas/.m2/repository/net/minidev/json-smart/2.2.1/json-smart-2.2.1.jar:/home/lucas/.m2/repository/net/minidev/accessors-smart/1.1/accessors-smart-1.1.jar:/home/lucas/.m2/repository/org/ow2/asm/asm/5.0.3/asm-5.0.3.jar:/home/lucas/.m2/repository/junit/junit/4.12/junit-4.12.jar:/home/lucas/.m2/repository/org/assertj/assertj-core/2.6.0/assertj-core-2.6.0.jar:/home/lucas/.m2/repository/org/mockito/mockito-core/1.10.19/mockito-core-1.10.19.jar:/home/lucas/.m2/repository/org/objenesis/objenesis/2.1/objenesis-2.1.jar:/home/lucas/.m2/repository/org/hamcrest/hamcrest-core/1.3/hamcrest-core-1.3.jar:/home/lucas/.m2/repository/org/hamcrest/hamcrest-library/1.3/hamcrest-library-1.3.jar:/home/lucas/.m2/repository/org/skyscreamer/jsonassert/1.4.0/jsonassert-1.4.0.jar:/home/lucas/.m2/repository/com/vaadin/external/google/android-json/0.0.20131108.vaadin1/android-json-0.0.20131108.vaadin1.jar:/home/lucas/.m2/repository/org/springframework/spring-core/4.3.11.RELEASE/spring-core-4.3.11.RELEASE.jar:/home/lucas/.m2/repository/org/springframework/spring-test/4.3.11.RELEASE/spring-test-4.3.11.RELEASE.jar:/home/lucas/.m2/repository/org/springframework/security/spring-security-crypto/3.1.0.RELEASE/spring-security-crypto-3.1.0.RELEASE.jar:/home/lucas/.m2/repository/net/sourceforge/nekohtml/nekohtml/1.9.22/nekohtml-1.9.22.jar:/home/lucas/.m2/repository/xerces/xercesImpl/2.11.0/xercesImpl-2.11.0.jar:/home/lucas/.m2/repository/xml-apis/xml-apis/1.4.01/xml-apis-1.4.01.jar:, user.name=lucas, java.vm.specification.version=1.8, sun.java.command=/home/lucas/Área de Trabalho/IDV/target/surefire/surefirebooter6997136182449057281.jar /home/lucas/Área de Trabalho/IDV/target/surefire/surefire2060001286756256891tmp /home/lucas/Área de Trabalho/IDV/target/surefire/surefire_06172564891819127066tmp, java.home=/usr/lib/jvm/java-8-oracle/jre, sun.arch.data.model=64, user.language=pt, java.specification.vendor=Oracle Corporation, awt.toolkit=sun.awt.X11.XToolkit, java.vm.info=mixed mode, java.version=1.8.0_181, java.ext.dirs=/usr/lib/jvm/java-8-oracle/jre/lib/ext:/usr/java/packages/lib/ext, sun.boot.class.path=/usr/lib/jvm/java-8-oracle/jre/lib/resources.jar:/usr/lib/jvm/java-8-oracle/jre/lib/rt.jar:/usr/lib/jvm/java-8-oracle/jre/lib/sunrsasign.jar:/usr/lib/jvm/java-8-oracle/jre/lib/jsse.jar:/usr/lib/jvm/java-8-oracle/jre/lib/jce.jar:/usr/lib/jvm/java-8-oracle/jre/lib/charsets.jar:/usr/lib/jvm/java-8-oracle/jre/lib/jfr.jar:/usr/lib/jvm/java-8-oracle/jre/classes, java.vendor=Oracle Corporation, localRepository=/home/lucas/.m2/repository, file.separator=/, java.vendor.url.bug=http://bugreport.sun.com/bugreport/, sun.io.unicode.encoding=UnicodeLittle, sun.cpu.endian=little, sun.desktop=gnome, sun.cpu.isalist=}}, SystemEnvironmentPropertySource@1018298342 {name='systemEnvironment', properties={PATH=/usr/local/sbin:/usr/local/bin:/usr/sbin:/usr/bin:/sbin:/bin:/usr/games:/usr/local/games:/snap/bin, XAUTHORITY=/run/user/1000/gdm/Xauthority, XMODIFIERS=@im=ibus, XDG_DATA_DIRS=/usr/share/ubuntu:/usr/local/share:/usr/share:/var/lib/snapd/desktop, GDMSESSION=ubuntu, TEXTDOMAINDIR=/usr/share/locale/, GTK_IM_MODULE=ibus, DBUS_SESSION_BUS_ADDRESS=unix:path=/run/user/1000/bus, XDG_CURRENT_DESKTOP=ubuntu:GNOME, NB_EXEC_MAVEN_PROCESS_UUID=7921a589-6aad-4df1-abf0-2130568d9dc2, SSH_AGENT_PID=2431, LD_LIBRARY_PATH=/usr/lib/jvm/java-8-oracle/bin/../jre/lib/amd64:/usr/lib/jvm/java-8-oracle/bin/../jre/lib/i386:, QT4_IM_MODULE=xim, SESSION_MANAGER=local/Lucas:@/tmp/.ICE-unix/2338,unix/Lucas:/tmp/.ICE-unix/2338, USERNAME=lucas, LOGNAME=lucas, PWD=/home/lucas/Área de Trabalho/IDV, IM_CONFIG_PHASE=2, LANGUAGE=pt_BR:pt:en, GJS_DEBUG_TOPICS=JS ERROR;JS LOG, SHELL=/bin/bash, GIO_LAUNCHED_DESKTOP_FILE=/usr/share/applications/netbeans.desktop, OLDPWD=/home/lucas/Área de Trabalho/IDV, GNOME_DESKTOP_SESSION_ID=this-is-deprecated, GTK_MODULES=gail:atk-bridge, CLUTTER_IM_MODULE=xim, TEXTDOMAIN=im-config, M2_HOME=/opt/netbeans/java/maven, XDG_SESSION_DESKTOP=ubuntu, SHLVL=1, J2D_PIXMAPS=shared, QT_IM_MODULE=xim, JAVA_HOME=/usr/lib/jvm/java-8-oracle, XDG_CONFIG_DIRS=/etc/xdg/xdg-ubuntu:/etc/xdg, LANG=pt_BR.UTF-8, XDG_SESSION_ID=3, XDG_SESSION_TYPE=x11, DISPLAY=:0, _=/usr/lib/jvm/java-8-oracle/bin/java, GPG_AGENT_INFO=/run/user/1000/gnupg/S.gpg-agent:0:1, DESKTOP_SESSION=ubuntu, USER=lucas, XDG_MENU_PREFIX=gnome-, GIO_LAUNCHED_DESKTOP_FILE_PID=9947, QT_ACCESSIBILITY=1, WINDOWPATH=2, GJS_DEBUG_OUTPUT=stderr, SSH_AUTH_SOCK=/run/user/1000/keyring/ssh, XDG_SEAT=seat0, GNOME_SHELL_SESSION_MODE=ubuntu, XDG_VTNR=2, XDG_RUNTIME_DIR=/run/user/1000, HOME=/home/lucas}}]
01:26:19.027 [main] DEBUG org.springframework.core.io.support.PathMatchingResourcePatternResolver - Resolved classpath location [com/ctl/] to resources [URL [file:/home/lucas/%c3%81rea%20de%20Trabalho/IDV/target/test-classes/com/ctl/]]
01:26:19.028 [main] DEBUG org.springframework.core.io.support.PathMatchingResourcePatternResolver - Looking for matching resources in directory tree [/home/lucas/Área de Trabalho/IDV/target/test-classes/com/ctl]
01:26:19.028 [main] DEBUG org.springframework.core.io.support.PathMatchingResourcePatternResolver - Searching directory [/home/lucas/Área de Trabalho/IDV/target/test-classes/com/ctl] for files matching pattern [/home/lucas/Área de Trabalho/IDV/target/test-classes/com/ctl/*.class]
01:26:19.033 [main] DEBUG org.springframework.core.io.support.PathMatchingResourcePatternResolver - Resolved location pattern [classpath*:com/ctl/*.class] to resources [file [/home/lucas/Área de Trabalho/IDV/target/test-classes/com/ctl/LabApplicationTests.class]]
01:26:19.071 [main] DEBUG org.springframework.core.io.support.PathMatchingResourcePatternResolver - Resolved classpath location [com/] to resources [URL [file:/home/lucas/%c3%81rea%20de%20Trabalho/IDV/target/test-classes/com/], URL [file:/home/lucas/%c3%81rea%20de%20Trabalho/IDV/target/classes/com/], URL [jar:file:/home/lucas/.m2/repository/mysql/mysql-connector-java/5.1.44/mysql-connector-java-5.1.44.jar!/com/], URL [jar:file:/home/lucas/.m2/repository/com/fasterxml/classmate/1.3.4/classmate-1.3.4.jar!/com/], URL [jar:file:/home/lucas/.m2/repository/com/fasterxml/jackson/core/jackson-databind/2.8.10/jackson-databind-2.8.10.jar!/com/], URL [jar:file:/home/lucas/.m2/repository/com/fasterxml/jackson/core/jackson-annotations/2.8.0/jackson-annotations-2.8.0.jar!/com/], URL [jar:file:/home/lucas/.m2/repository/com/fasterxml/jackson/core/jackson-core/2.8.10/jackson-core-2.8.10.jar!/com/], URL [jar:file:/home/lucas/.m2/repository/com/jayway/jsonpath/json-path/2.2.0/json-path-2.2.0.jar!/com/]]
01:26:19.072 [main] DEBUG org.springframework.core.io.support.PathMatchingResourcePatternResolver - Looking for matching resources in directory tree [/home/lucas/Área de Trabalho/IDV/target/test-classes/com]
01:26:19.072 [main] DEBUG org.springframework.core.io.support.PathMatchingResourcePatternResolver - Searching directory [/home/lucas/Área de Trabalho/IDV/target/test-classes/com] for files matching pattern [/home/lucas/Área de Trabalho/IDV/target/test-classes/com/*.class]
01:26:19.073 [main] DEBUG org.springframework.core.io.support.PathMatchingResourcePatternResolver - Looking for matching resources in directory tree [/home/lucas/Área de Trabalho/IDV/target/classes/com]
01:26:19.073 [main] DEBUG org.springframework.core.io.support.PathMatchingResourcePatternResolver - Searching directory [/home/lucas/Área de Trabalho/IDV/target/classes/com] for files matching pattern [/home/lucas/Área de Trabalho/IDV/target/classes/com/*.class]
01:26:19.074 [main] DEBUG org.springframework.core.io.support.PathMatchingResourcePatternResolver - Looking for matching resources in jar file [file:/home/lucas/.m2/repository/mysql/mysql-connector-java/5.1.44/mysql-connector-java-5.1.44.jar]
01:26:19.089 [main] DEBUG org.springframework.core.io.support.PathMatchingResourcePatternResolver - Looking for matching resources in jar file [file:/home/lucas/.m2/repository/com/fasterxml/classmate/1.3.4/classmate-1.3.4.jar]
01:26:19.091 [main] DEBUG org.springframework.core.io.support.PathMatchingResourcePatternResolver - Looking for matching resources in jar file [file:/home/lucas/.m2/repository/com/fasterxml/jackson/core/jackson-databind/2.8.10/jackson-databind-2.8.10.jar]
01:26:19.116 [main] DEBUG org.springframework.core.io.support.PathMatchingResourcePatternResolver - Looking for matching resources in jar file [file:/home/lucas/.m2/repository/com/fasterxml/jackson/core/jackson-annotations/2.8.0/jackson-annotations-2.8.0.jar]
01:26:19.118 [main] DEBUG org.springframework.core.io.support.PathMatchingResourcePatternResolver - Looking for matching resources in jar file [file:/home/lucas/.m2/repository/com/fasterxml/jackson/core/jackson-core/2.8.10/jackson-core-2.8.10.jar]
01:26:19.119 [main] DEBUG org.springframework.core.io.support.PathMatchingResourcePatternResolver - Looking for matching resources in jar file [file:/home/lucas/.m2/repository/com/jayway/jsonpath/json-path/2.2.0/json-path-2.2.0.jar]
01:26:19.138 [main] DEBUG org.springframework.core.io.support.PathMatchingResourcePatternResolver - Resolved location pattern [classpath*:com/*.class] to resources []
01:26:19.146 [main] DEBUG org.springframework.test.context.junit4.SpringJUnit4ClassRunner - SpringJUnit4ClassRunner constructor called with [class com.ctl.LabApplicationTests]
01:26:19.147 [main] DEBUG org.springframework.test.context.BootstrapUtils - Instantiating CacheAwareContextLoaderDelegate from class [org.springframework.test.context.cache.DefaultCacheAwareContextLoaderDelegate]
01:26:19.147 [main] DEBUG org.springframework.test.context.BootstrapUtils - Instantiating BootstrapContext using constructor [public org.springframework.test.context.support.DefaultBootstrapContext(java.lang.Class,org.springframework.test.context.CacheAwareContextLoaderDelegate)]
01:26:19.148 [main] DEBUG org.springframework.test.context.BootstrapUtils - Instantiating TestContextBootstrapper for test class [com.ctl.LabApplicationTests] from class [org.springframework.boot.test.context.SpringBootTestContextBootstrapper]
01:26:19.149 [main] INFO org.springframework.boot.test.context.SpringBootTestContextBootstrapper - Neither @ContextConfiguration nor @ContextHierarchy found for test class [com.ctl.LabApplicationTests], using SpringBootContextLoader
01:26:19.152 [main] DEBUG org.springframework.test.context.support.AbstractContextLoader - Did not detect default resource location for test class [com.ctl.LabApplicationTests]: class path resource [com/ctl/LabApplicationTests-context.xml] does not exist
01:26:19.153 [main] DEBUG org.springframework.test.context.support.AbstractContextLoader - Did not detect default resource location for test class [com.ctl.LabApplicationTests]: class path resource [com/ctl/LabApplicationTestsContext.groovy] does not exist
01:26:19.154 [main] INFO org.springframework.test.context.support.AbstractContextLoader - Could not detect default resource locations for test class [com.ctl.LabApplicationTests]: no resource found for suffixes {-context.xml, Context.groovy}.
01:26:19.155 [main] INFO org.springframework.test.context.support.AnnotationConfigContextLoaderUtils - Could not detect default configuration classes for test class [com.ctl.LabApplicationTests]: LabApplicationTests does not declare any static, non-private, non-final, nested classes annotated with @Configuration.
01:26:19.185 [main] DEBUG org.springframework.test.context.support.ActiveProfilesUtils - Could not find an 'annotation declaring class' for annotation type [org.springframework.test.context.ActiveProfiles] and class [com.ctl.LabApplicationTests]
01:26:19.185 [main] DEBUG org.springframework.core.env.StandardEnvironment - Adding PropertySource 'systemProperties' with lowest search precedence
01:26:19.185 [main] DEBUG org.springframework.core.env.StandardEnvironment - Adding PropertySource 'systemEnvironment' with lowest search precedence
01:26:19.187 [main] DEBUG org.springframework.core.env.StandardEnvironment - Initialized StandardEnvironment with PropertySources [MapPropertySource@633075331 {name='systemProperties', properties={java.runtime.name=Java(TM) SE Runtime Environment, sun.boot.library.path=/usr/lib/jvm/java-8-oracle/jre/lib/amd64, java.vm.version=25.181-b13, java.vm.vendor=Oracle Corporation, java.vendor.url=http://java.oracle.com/, path.separator=:, java.vm.name=Java HotSpot(TM) 64-Bit Server VM, file.encoding.pkg=sun.io, user.country=BR, sun.java.launcher=SUN_STANDARD, sun.os.patch.level=unknown, java.vm.specification.name=Java Virtual Machine Specification, user.dir=/home/lucas/Área de Trabalho/IDV, java.runtime.version=1.8.0_181-b13, basedir=/home/lucas/Área de Trabalho/IDV, java.awt.graphicsenv=sun.awt.X11GraphicsEnvironment, java.endorsed.dirs=/usr/lib/jvm/java-8-oracle/jre/lib/endorsed, os.arch=amd64, surefire.real.class.path=/home/lucas/Área de Trabalho/IDV/target/surefire/surefirebooter6997136182449057281.jar, java.io.tmpdir=/tmp, line.separator=
, java.vm.specification.vendor=Oracle Corporation, os.name=Linux, maven.ext.class.path=/opt/netbeans/java/maven-nblib/netbeans-eventspy.jar, sun.jnu.encoding=UTF-8, java.library.path=/usr/lib/jvm/java-8-oracle/bin/../jre/lib/amd64:/usr/lib/jvm/java-8-oracle/bin/../jre/lib/i386::/usr/java/packages/lib/amd64:/usr/lib64:/lib64:/lib:/usr/lib, surefire.test.class.path=/home/lucas/Área de Trabalho/IDV/target/test-classes:/home/lucas/Área de Trabalho/IDV/target/classes:/home/lucas/.m2/repository/org/springframework/boot/spring-boot-starter-data-jpa/1.5.7.RELEASE/spring-boot-starter-data-jpa-1.5.7.RELEASE.jar:/home/lucas/.m2/repository/org/springframework/boot/spring-boot-starter/1.5.7.RELEASE/spring-boot-starter-1.5.7.RELEASE.jar:/home/lucas/.m2/repository/org/springframework/boot/spring-boot-starter-logging/1.5.7.RELEASE/spring-boot-starter-logging-1.5.7.RELEASE.jar:/home/lucas/.m2/repository/ch/qos/logback/logback-classic/1.1.11/logback-classic-1.1.11.jar:/home/lucas/.m2/repository/ch/qos/logback/logback-core/1.1.11/logback-core-1.1.11.jar:/home/lucas/.m2/repository/org/slf4j/jul-to-slf4j/1.7.25/jul-to-slf4j-1.7.25.jar:/home/lucas/.m2/repository/org/slf4j/log4j-over-slf4j/1.7.25/log4j-over-slf4j-1.7.25.jar:/home/lucas/.m2/repository/org/yaml/snakeyaml/1.17/snakeyaml-1.17.jar:/home/lucas/.m2/repository/org/springframework/boot/spring-boot-starter-aop/1.5.7.RELEASE/spring-boot-starter-aop-1.5.7.RELEASE.jar:/home/lucas/.m2/repository/org/aspectj/aspectjweaver/1.8.10/aspectjweaver-1.8.10.jar:/home/lucas/.m2/repository/org/springframework/boot/spring-boot-starter-jdbc/1.5.7.RELEASE/spring-boot-starter-jdbc-1.5.7.RELEASE.jar:/home/lucas/.m2/repository/org/apache/tomcat/tomcat-jdbc/8.5.20/tomcat-jdbc-8.5.20.jar:/home/lucas/.m2/repository/org/apache/tomcat/tomcat-juli/8.5.20/tomcat-juli-8.5.20.jar:/home/lucas/.m2/repository/org/springframework/spring-jdbc/4.3.11.RELEASE/spring-jdbc-4.3.11.RELEASE.jar:/home/lucas/.m2/repository/org/hibernate/hibernate-core/5.0.12.Final/hibernate-core-5.0.12.Final.jar:/home/lucas/.m2/repository/org/jboss/logging/jboss-logging/3.3.1.Final/jboss-logging-3.3.1.Final.jar:/home/lucas/.m2/repository/org/hibernate/javax/persistence/hibernate-jpa-2.1-api/1.0.0.Final/hibernate-jpa-2.1-api-1.0.0.Final.jar:/home/lucas/.m2/repository/org/javassist/javassist/3.21.0-GA/javassist-3.21.0-GA.jar:/home/lucas/.m2/repository/antlr/antlr/2.7.7/antlr-2.7.7.jar:/home/lucas/.m2/repository/org/jboss/jandex/2.0.0.Final/jandex-2.0.0.Final.jar:/home/lucas/.m2/repository/dom4j/dom4j/1.6.1/dom4j-1.6.1.jar:/home/lucas/.m2/repository/org/hibernate/common/hibernate-commons-annotations/5.0.1.Final/hibernate-commons-annotations-5.0.1.Final.jar:/home/lucas/.m2/repository/org/hibernate/hibernate-entitymanager/5.0.12.Final/hibernate-entitymanager-5.0.12.Final.jar:/home/lucas/.m2/repository/javax/transaction/javax.transaction-api/1.2/javax.transaction-api-1.2.jar:/home/lucas/.m2/repository/org/springframework/data/spring-data-jpa/1.11.7.RELEASE/spring-data-jpa-1.11.7.RELEASE.jar:/home/lucas/.m2/repository/org/springframework/data/spring-data-commons/1.13.7.RELEASE/spring-data-commons-1.13.7.RELEASE.jar:/home/lucas/.m2/repository/org/springframework/spring-orm/4.3.11.RELEASE/spring-orm-4.3.11.RELEASE.jar:/home/lucas/.m2/repository/org/springframework/spring-context/4.3.11.RELEASE/spring-context-4.3.11.RELEASE.jar:/home/lucas/.m2/repository/org/springframework/spring-tx/4.3.11.RELEASE/spring-tx-4.3.11.RELEASE.jar:/home/lucas/.m2/repository/org/springframework/spring-beans/4.3.11.RELEASE/spring-beans-4.3.11.RELEASE.jar:/home/lucas/.m2/repository/org/slf4j/jcl-over-slf4j/1.7.25/jcl-over-slf4j-1.7.25.jar:/home/lucas/.m2/repository/org/springframework/spring-aspects/4.3.11.RELEASE/spring-aspects-4.3.11.RELEASE.jar:/home/lucas/.m2/repository/org/springframework/boot/spring-boot-starter-thymeleaf/1.3.6.RELEASE/spring-boot-starter-thymeleaf-1.3.6.RELEASE.jar:/home/lucas/.m2/repository/org/thymeleaf/thymeleaf-spring4/2.1.5.RELEASE/thymeleaf-spring4-2.1.5.RELEASE.jar:/home/lucas/.m2/repository/org/thymeleaf/thymeleaf/2.1.5.RELEASE/thymeleaf-2.1.5.RELEASE.jar:/home/lucas/.m2/repository/ognl/ognl/3.0.8/ognl-3.0.8.jar:/home/lucas/.m2/repository/org/unbescape/unbescape/1.1.0.RELEASE/unbescape-1.1.0.RELEASE.jar:/home/lucas/.m2/repository/nz/net/ultraq/thymeleaf/thymeleaf-layout-dialect/1.4.0/thymeleaf-layout-dialect-1.4.0.jar:/home/lucas/.m2/repository/org/codehaus/groovy/groovy/2.4.12/groovy-2.4.12.jar:/home/lucas/.m2/repository/mysql/mysql-connector-java/5.1.44/mysql-connector-java-5.1.44.jar:/home/lucas/.m2/repository/org/springframework/boot/spring-boot-starter-web/1.3.6.RELEASE/spring-boot-starter-web-1.3.6.RELEASE.jar:/home/lucas/.m2/repository/org/springframework/boot/spring-boot-starter-tomcat/1.5.7.RELEASE/spring-boot-starter-tomcat-1.5.7.RELEASE.jar:/home/lucas/.m2/repository/org/apache/tomcat/embed/tomcat-embed-core/8.5.20/tomcat-embed-core-8.5.20.jar:/home/lucas/.m2/repository/org/apache/tomcat/embed/tomcat-embed-el/8.5.20/tomcat-embed-el-8.5.20.jar:/home/lucas/.m2/repository/org/apache/tomcat/embed/tomcat-embed-websocket/8.5.20/tomcat-embed-websocket-8.5.20.jar:/home/lucas/.m2/repository/org/springframework/boot/spring-boot-starter-validation/1.5.7.RELEASE/spring-boot-starter-validation-1.5.7.RELEASE.jar:/home/lucas/.m2/repository/org/hibernate/hibernate-validator/5.3.5.Final/hibernate-validator-5.3.5.Final.jar:/home/lucas/.m2/repository/javax/validation/validation-api/1.1.0.Final/validation-api-1.1.0.Final.jar:/home/lucas/.m2/repository/com/fasterxml/classmate/1.3.4/classmate-1.3.4.jar:/home/lucas/.m2/repository/com/fasterxml/jackson/core/jackson-databind/2.8.10/jackson-databind-2.8.10.jar:/home/lucas/.m2/repository/com/fasterxml/jackson/core/jackson-annotations/2.8.0/jackson-annotations-2.8.0.jar:/home/lucas/.m2/repository/com/fasterxml/jackson/core/jackson-core/2.8.10/jackson-core-2.8.10.jar:/home/lucas/.m2/repository/org/springframework/spring-web/4.3.11.RELEASE/spring-web-4.3.11.RELEASE.jar:/home/lucas/.m2/repository/org/springframework/spring-webmvc/4.3.11.RELEASE/spring-webmvc-4.3.11.RELEASE.jar:/home/lucas/.m2/repository/org/springframework/spring-expression/4.3.11.RELEASE/spring-expression-4.3.11.RELEASE.jar:/home/lucas/.m2/repository/org/springframework/boot/spring-boot-starter-security/1.5.7.RELEASE/spring-boot-starter-security-1.5.7.RELEASE.jar:/home/lucas/.m2/repository/org/springframework/spring-aop/4.3.11.RELEASE/spring-aop-4.3.11.RELEASE.jar:/home/lucas/.m2/repository/org/springframework/security/spring-security-config/4.2.3.RELEASE/spring-security-config-4.2.3.RELEASE.jar:/home/lucas/.m2/repository/org/springframework/security/spring-security-core/4.2.3.RELEASE/spring-security-core-4.2.3.RELEASE.jar:/home/lucas/.m2/repository/org/springframework/security/spring-security-web/4.2.3.RELEASE/spring-security-web-4.2.3.RELEASE.jar:/home/lucas/.m2/repository/org/thymeleaf/extras/thymeleaf-extras-springsecurity4/2.1.3.RELEASE/thymeleaf-extras-springsecurity4-2.1.3.RELEASE.jar:/home/lucas/.m2/repository/org/slf4j/slf4j-api/1.7.25/slf4j-api-1.7.25.jar:/home/lucas/.m2/repository/org/springframework/boot/spring-boot-devtools/1.5.7.RELEASE/spring-boot-devtools-1.5.7.RELEASE.jar:/home/lucas/.m2/repository/org/springframework/boot/spring-boot/1.5.7.RELEASE/spring-boot-1.5.7.RELEASE.jar:/home/lucas/.m2/repository/org/springframework/boot/spring-boot-autoconfigure/1.5.7.RELEASE/spring-boot-autoconfigure-1.5.7.RELEASE.jar:/home/lucas/.m2/repository/org/hsqldb/hsqldb/2.3.5/hsqldb-2.3.5.jar:/home/lucas/.m2/repository/org/flywaydb/flyway-core/3.2.1/flyway-core-3.2.1.jar:/home/lucas/.m2/repository/org/springframework/boot/spring-boot-starter-test/1.5.7.RELEASE/spring-boot-starter-test-1.5.7.RELEASE.jar:/home/lucas/.m2/repository/org/springframework/boot/spring-boot-test/1.5.7.RELEASE/spring-boot-test-1.5.7.RELEASE.jar:/home/lucas/.m2/repository/org/springframework/boot/spring-boot-test-autoconfigure/1.5.7.RELEASE/spring-boot-test-autoconfigure-1.5.7.RELEASE.jar:/home/lucas/.m2/repository/com/jayway/jsonpath/json-path/2.2.0/json-path-2.2.0.jar:/home/lucas/.m2/repository/net/minidev/json-smart/2.2.1/json-smart-2.2.1.jar:/home/lucas/.m2/repository/net/minidev/accessors-smart/1.1/accessors-smart-1.1.jar:/home/lucas/.m2/repository/org/ow2/asm/asm/5.0.3/asm-5.0.3.jar:/home/lucas/.m2/repository/junit/junit/4.12/junit-4.12.jar:/home/lucas/.m2/repository/org/assertj/assertj-core/2.6.0/assertj-core-2.6.0.jar:/home/lucas/.m2/repository/org/mockito/mockito-core/1.10.19/mockito-core-1.10.19.jar:/home/lucas/.m2/repository/org/objenesis/objenesis/2.1/objenesis-2.1.jar:/home/lucas/.m2/repository/org/hamcrest/hamcrest-core/1.3/hamcrest-core-1.3.jar:/home/lucas/.m2/repository/org/hamcrest/hamcrest-library/1.3/hamcrest-library-1.3.jar:/home/lucas/.m2/repository/org/skyscreamer/jsonassert/1.4.0/jsonassert-1.4.0.jar:/home/lucas/.m2/repository/com/vaadin/external/google/android-json/0.0.20131108.vaadin1/android-json-0.0.20131108.vaadin1.jar:/home/lucas/.m2/repository/org/springframework/spring-core/4.3.11.RELEASE/spring-core-4.3.11.RELEASE.jar:/home/lucas/.m2/repository/org/springframework/spring-test/4.3.11.RELEASE/spring-test-4.3.11.RELEASE.jar:/home/lucas/.m2/repository/org/springframework/security/spring-security-crypto/3.1.0.RELEASE/spring-security-crypto-3.1.0.RELEASE.jar:/home/lucas/.m2/repository/net/sourceforge/nekohtml/nekohtml/1.9.22/nekohtml-1.9.22.jar:/home/lucas/.m2/repository/xerces/xercesImpl/2.11.0/xercesImpl-2.11.0.jar:/home/lucas/.m2/repository/xml-apis/xml-apis/1.4.01/xml-apis-1.4.01.jar:, java.specification.name=Java Platform API Specification, java.class.version=52.0, sun.management.compiler=HotSpot 64-Bit Tiered Compilers, os.version=4.15.0-29-generic, user.home=/home/lucas, user.timezone=America/Sao_Paulo, java.awt.printerjob=sun.print.PSPrinterJob, file.encoding=UTF-8, java.specification.version=1.8, java.class.path=/home/lucas/Área de Trabalho/IDV/target/test-classes:/home/lucas/Área de Trabalho/IDV/target/classes:/home/lucas/.m2/repository/org/springframework/boot/spring-boot-starter-data-jpa/1.5.7.RELEASE/spring-boot-starter-data-jpa-1.5.7.RELEASE.jar:/home/lucas/.m2/repository/org/springframework/boot/spring-boot-starter/1.5.7.RELEASE/spring-boot-starter-1.5.7.RELEASE.jar:/home/lucas/.m2/repository/org/springframework/boot/spring-boot-starter-logging/1.5.7.RELEASE/spring-boot-starter-logging-1.5.7.RELEASE.jar:/home/lucas/.m2/repository/ch/qos/logback/logback-classic/1.1.11/logback-classic-1.1.11.jar:/home/lucas/.m2/repository/ch/qos/logback/logback-core/1.1.11/logback-core-1.1.11.jar:/home/lucas/.m2/repository/org/slf4j/jul-to-slf4j/1.7.25/jul-to-slf4j-1.7.25.jar:/home/lucas/.m2/repository/org/slf4j/log4j-over-slf4j/1.7.25/log4j-over-slf4j-1.7.25.jar:/home/lucas/.m2/repository/org/yaml/snakeyaml/1.17/snakeyaml-1.17.jar:/home/lucas/.m2/repository/org/springframework/boot/spring-boot-starter-aop/1.5.7.RELEASE/spring-boot-starter-aop-1.5.7.RELEASE.jar:/home/lucas/.m2/repository/org/aspectj/aspectjweaver/1.8.10/aspectjweaver-1.8.10.jar:/home/lucas/.m2/repository/org/springframework/boot/spring-boot-starter-jdbc/1.5.7.RELEASE/spring-boot-starter-jdbc-1.5.7.RELEASE.jar:/home/lucas/.m2/repository/org/apache/tomcat/tomcat-jdbc/8.5.20/tomcat-jdbc-8.5.20.jar:/home/lucas/.m2/repository/org/apache/tomcat/tomcat-juli/8.5.20/tomcat-juli-8.5.20.jar:/home/lucas/.m2/repository/org/springframework/spring-jdbc/4.3.11.RELEASE/spring-jdbc-4.3.11.RELEASE.jar:/home/lucas/.m2/repository/org/hibernate/hibernate-core/5.0.12.Final/hibernate-core-5.0.12.Final.jar:/home/lucas/.m2/repository/org/jboss/logging/jboss-logging/3.3.1.Final/jboss-logging-3.3.1.Final.jar:/home/lucas/.m2/repository/org/hibernate/javax/persistence/hibernate-jpa-2.1-api/1.0.0.Final/hibernate-jpa-2.1-api-1.0.0.Final.jar:/home/lucas/.m2/repository/org/javassist/javassist/3.21.0-GA/javassist-3.21.0-GA.jar:/home/lucas/.m2/repository/antlr/antlr/2.7.7/antlr-2.7.7.jar:/home/lucas/.m2/repository/org/jboss/jandex/2.0.0.Final/jandex-2.0.0.Final.jar:/home/lucas/.m2/repository/dom4j/dom4j/1.6.1/dom4j-1.6.1.jar:/home/lucas/.m2/repository/org/hibernate/common/hibernate-commons-annotations/5.0.1.Final/hibernate-commons-annotations-5.0.1.Final.jar:/home/lucas/.m2/repository/org/hibernate/hibernate-entitymanager/5.0.12.Final/hibernate-entitymanager-5.0.12.Final.jar:/home/lucas/.m2/repository/javax/transaction/javax.transaction-api/1.2/javax.transaction-api-1.2.jar:/home/lucas/.m2/repository/org/springframework/data/spring-data-jpa/1.11.7.RELEASE/spring-data-jpa-1.11.7.RELEASE.jar:/home/lucas/.m2/repository/org/springframework/data/spring-data-commons/1.13.7.RELEASE/spring-data-commons-1.13.7.RELEASE.jar:/home/lucas/.m2/repository/org/springframework/spring-orm/4.3.11.RELEASE/spring-orm-4.3.11.RELEASE.jar:/home/lucas/.m2/repository/org/springframework/spring-context/4.3.11.RELEASE/spring-context-4.3.11.RELEASE.jar:/home/lucas/.m2/repository/org/springframework/spring-tx/4.3.11.RELEASE/spring-tx-4.3.11.RELEASE.jar:/home/lucas/.m2/repository/org/springframework/spring-beans/4.3.11.RELEASE/spring-beans-4.3.11.RELEASE.jar:/home/lucas/.m2/repository/org/slf4j/jcl-over-slf4j/1.7.25/jcl-over-slf4j-1.7.25.jar:/home/lucas/.m2/repository/org/springframework/spring-aspects/4.3.11.RELEASE/spring-aspects-4.3.11.RELEASE.jar:/home/lucas/.m2/repository/org/springframework/boot/spring-boot-starter-thymeleaf/1.3.6.RELEASE/spring-boot-starter-thymeleaf-1.3.6.RELEASE.jar:/home/lucas/.m2/repository/org/thymeleaf/thymeleaf-spring4/2.1.5.RELEASE/thymeleaf-spring4-2.1.5.RELEASE.jar:/home/lucas/.m2/repository/org/thymeleaf/thymeleaf/2.1.5.RELEASE/thymeleaf-2.1.5.RELEASE.jar:/home/lucas/.m2/repository/ognl/ognl/3.0.8/ognl-3.0.8.jar:/home/lucas/.m2/repository/org/unbescape/unbescape/1.1.0.RELEASE/unbescape-1.1.0.RELEASE.jar:/home/lucas/.m2/repository/nz/net/ultraq/thymeleaf/thymeleaf-layout-dialect/1.4.0/thymeleaf-layout-dialect-1.4.0.jar:/home/lucas/.m2/repository/org/codehaus/groovy/groovy/2.4.12/groovy-2.4.12.jar:/home/lucas/.m2/repository/mysql/mysql-connector-java/5.1.44/mysql-connector-java-5.1.44.jar:/home/lucas/.m2/repository/org/springframework/boot/spring-boot-starter-web/1.3.6.RELEASE/spring-boot-starter-web-1.3.6.RELEASE.jar:/home/lucas/.m2/repository/org/springframework/boot/spring-boot-starter-tomcat/1.5.7.RELEASE/spring-boot-starter-tomcat-1.5.7.RELEASE.jar:/home/lucas/.m2/repository/org/apache/tomcat/embed/tomcat-embed-core/8.5.20/tomcat-embed-core-8.5.20.jar:/home/lucas/.m2/repository/org/apache/tomcat/embed/tomcat-embed-el/8.5.20/tomcat-embed-el-8.5.20.jar:/home/lucas/.m2/repository/org/apache/tomcat/embed/tomcat-embed-websocket/8.5.20/tomcat-embed-websocket-8.5.20.jar:/home/lucas/.m2/repository/org/springframework/boot/spring-boot-starter-validation/1.5.7.RELEASE/spring-boot-starter-validation-1.5.7.RELEASE.jar:/home/lucas/.m2/repository/org/hibernate/hibernate-validator/5.3.5.Final/hibernate-validator-5.3.5.Final.jar:/home/lucas/.m2/repository/javax/validation/validation-api/1.1.0.Final/validation-api-1.1.0.Final.jar:/home/lucas/.m2/repository/com/fasterxml/classmate/1.3.4/classmate-1.3.4.jar:/home/lucas/.m2/repository/com/fasterxml/jackson/core/jackson-databind/2.8.10/jackson-databind-2.8.10.jar:/home/lucas/.m2/repository/com/fasterxml/jackson/core/jackson-annotations/2.8.0/jackson-annotations-2.8.0.jar:/home/lucas/.m2/repository/com/fasterxml/jackson/core/jackson-core/2.8.10/jackson-core-2.8.10.jar:/home/lucas/.m2/repository/org/springframework/spring-web/4.3.11.RELEASE/spring-web-4.3.11.RELEASE.jar:/home/lucas/.m2/repository/org/springframework/spring-webmvc/4.3.11.RELEASE/spring-webmvc-4.3.11.RELEASE.jar:/home/lucas/.m2/repository/org/springframework/spring-expression/4.3.11.RELEASE/spring-expression-4.3.11.RELEASE.jar:/home/lucas/.m2/repository/org/springframework/boot/spring-boot-starter-security/1.5.7.RELEASE/spring-boot-starter-security-1.5.7.RELEASE.jar:/home/lucas/.m2/repository/org/springframework/spring-aop/4.3.11.RELEASE/spring-aop-4.3.11.RELEASE.jar:/home/lucas/.m2/repository/org/springframework/security/spring-security-config/4.2.3.RELEASE/spring-security-config-4.2.3.RELEASE.jar:/home/lucas/.m2/repository/org/springframework/security/spring-security-core/4.2.3.RELEASE/spring-security-core-4.2.3.RELEASE.jar:/home/lucas/.m2/repository/org/springframework/security/spring-security-web/4.2.3.RELEASE/spring-security-web-4.2.3.RELEASE.jar:/home/lucas/.m2/repository/org/thymeleaf/extras/thymeleaf-extras-springsecurity4/2.1.3.RELEASE/thymeleaf-extras-springsecurity4-2.1.3.RELEASE.jar:/home/lucas/.m2/repository/org/slf4j/slf4j-api/1.7.25/slf4j-api-1.7.25.jar:/home/lucas/.m2/repository/org/springframework/boot/spring-boot-devtools/1.5.7.RELEASE/spring-boot-devtools-1.5.7.RELEASE.jar:/home/lucas/.m2/repository/org/springframework/boot/spring-boot/1.5.7.RELEASE/spring-boot-1.5.7.RELEASE.jar:/home/lucas/.m2/repository/org/springframework/boot/spring-boot-autoconfigure/1.5.7.RELEASE/spring-boot-autoconfigure-1.5.7.RELEASE.jar:/home/lucas/.m2/repository/org/hsqldb/hsqldb/2.3.5/hsqldb-2.3.5.jar:/home/lucas/.m2/repository/org/flywaydb/flyway-core/3.2.1/flyway-core-3.2.1.jar:/home/lucas/.m2/repository/org/springframework/boot/spring-boot-starter-test/1.5.7.RELEASE/spring-boot-starter-test-1.5.7.RELEASE.jar:/home/lucas/.m2/repository/org/springframework/boot/spring-boot-test/1.5.7.RELEASE/spring-boot-test-1.5.7.RELEASE.jar:/home/lucas/.m2/repository/org/springframework/boot/spring-boot-test-autoconfigure/1.5.7.RELEASE/spring-boot-test-autoconfigure-1.5.7.RELEASE.jar:/home/lucas/.m2/repository/com/jayway/jsonpath/json-path/2.2.0/json-path-2.2.0.jar:/home/lucas/.m2/repository/net/minidev/json-smart/2.2.1/json-smart-2.2.1.jar:/home/lucas/.m2/repository/net/minidev/accessors-smart/1.1/accessors-smart-1.1.jar:/home/lucas/.m2/repository/org/ow2/asm/asm/5.0.3/asm-5.0.3.jar:/home/lucas/.m2/repository/junit/junit/4.12/junit-4.12.jar:/home/lucas/.m2/repository/org/assertj/assertj-core/2.6.0/assertj-core-2.6.0.jar:/home/lucas/.m2/repository/org/mockito/mockito-core/1.10.19/mockito-core-1.10.19.jar:/home/lucas/.m2/repository/org/objenesis/objenesis/2.1/objenesis-2.1.jar:/home/lucas/.m2/repository/org/hamcrest/hamcrest-core/1.3/hamcrest-core-1.3.jar:/home/lucas/.m2/repository/org/hamcrest/hamcrest-library/1.3/hamcrest-library-1.3.jar:/home/lucas/.m2/repository/org/skyscreamer/jsonassert/1.4.0/jsonassert-1.4.0.jar:/home/lucas/.m2/repository/com/vaadin/external/google/android-json/0.0.20131108.vaadin1/android-json-0.0.20131108.vaadin1.jar:/home/lucas/.m2/repository/org/springframework/spring-core/4.3.11.RELEASE/spring-core-4.3.11.RELEASE.jar:/home/lucas/.m2/repository/org/springframework/spring-test/4.3.11.RELEASE/spring-test-4.3.11.RELEASE.jar:/home/lucas/.m2/repository/org/springframework/security/spring-security-crypto/3.1.0.RELEASE/spring-security-crypto-3.1.0.RELEASE.jar:/home/lucas/.m2/repository/net/sourceforge/nekohtml/nekohtml/1.9.22/nekohtml-1.9.22.jar:/home/lucas/.m2/repository/xerces/xercesImpl/2.11.0/xercesImpl-2.11.0.jar:/home/lucas/.m2/repository/xml-apis/xml-apis/1.4.01/xml-apis-1.4.01.jar:, user.name=lucas, java.vm.specification.version=1.8, sun.java.command=/home/lucas/Área de Trabalho/IDV/target/surefire/surefirebooter6997136182449057281.jar /home/lucas/Área de Trabalho/IDV/target/surefire/surefire2060001286756256891tmp /home/lucas/Área de Trabalho/IDV/target/surefire/surefire_06172564891819127066tmp, java.home=/usr/lib/jvm/java-8-oracle/jre, sun.arch.data.model=64, user.language=pt, java.specification.vendor=Oracle Corporation, awt.toolkit=sun.awt.X11.XToolkit, java.vm.info=mixed mode, java.version=1.8.0_181, java.ext.dirs=/usr/lib/jvm/java-8-oracle/jre/lib/ext:/usr/java/packages/lib/ext, sun.boot.class.path=/usr/lib/jvm/java-8-oracle/jre/lib/resources.jar:/usr/lib/jvm/java-8-oracle/jre/lib/rt.jar:/usr/lib/jvm/java-8-oracle/jre/lib/sunrsasign.jar:/usr/lib/jvm/java-8-oracle/jre/lib/jsse.jar:/usr/lib/jvm/java-8-oracle/jre/lib/jce.jar:/usr/lib/jvm/java-8-oracle/jre/lib/charsets.jar:/usr/lib/jvm/java-8-oracle/jre/lib/jfr.jar:/usr/lib/jvm/java-8-oracle/jre/classes, java.vendor=Oracle Corporation, localRepository=/home/lucas/.m2/repository, file.separator=/, java.vendor.url.bug=http://bugreport.sun.com/bugreport/, sun.io.unicode.encoding=UnicodeLittle, sun.cpu.endian=little, sun.desktop=gnome, sun.cpu.isalist=}}, SystemEnvironmentPropertySource@1858609436 {name='systemEnvironment', properties={PATH=/usr/local/sbin:/usr/local/bin:/usr/sbin:/usr/bin:/sbin:/bin:/usr/games:/usr/local/games:/snap/bin, XAUTHORITY=/run/user/1000/gdm/Xauthority, XMODIFIERS=@im=ibus, XDG_DATA_DIRS=/usr/share/ubuntu:/usr/local/share:/usr/share:/var/lib/snapd/desktop, GDMSESSION=ubuntu, TEXTDOMAINDIR=/usr/share/locale/, GTK_IM_MODULE=ibus, DBUS_SESSION_BUS_ADDRESS=unix:path=/run/user/1000/bus, XDG_CURRENT_DESKTOP=ubuntu:GNOME, NB_EXEC_MAVEN_PROCESS_UUID=7921a589-6aad-4df1-abf0-2130568d9dc2, SSH_AGENT_PID=2431, LD_LIBRARY_PATH=/usr/lib/jvm/java-8-oracle/bin/../jre/lib/amd64:/usr/lib/jvm/java-8-oracle/bin/../jre/lib/i386:, QT4_IM_MODULE=xim, SESSION_MANAGER=local/Lucas:@/tmp/.ICE-unix/2338,unix/Lucas:/tmp/.ICE-unix/2338, USERNAME=lucas, LOGNAME=lucas, PWD=/home/lucas/Área de Trabalho/IDV, IM_CONFIG_PHASE=2, LANGUAGE=pt_BR:pt:en, GJS_DEBUG_TOPICS=JS ERROR;JS LOG, SHELL=/bin/bash, GIO_LAUNCHED_DESKTOP_FILE=/usr/share/applications/netbeans.desktop, OLDPWD=/home/lucas/Área de Trabalho/IDV, GNOME_DESKTOP_SESSION_ID=this-is-deprecated, GTK_MODULES=gail:atk-bridge, CLUTTER_IM_MODULE=xim, TEXTDOMAIN=im-config, M2_HOME=/opt/netbeans/java/maven, XDG_SESSION_DESKTOP=ubuntu, SHLVL=1, J2D_PIXMAPS=shared, QT_IM_MODULE=xim, JAVA_HOME=/usr/lib/jvm/java-8-oracle, XDG_CONFIG_DIRS=/etc/xdg/xdg-ubuntu:/etc/xdg, LANG=pt_BR.UTF-8, XDG_SESSION_ID=3, XDG_SESSION_TYPE=x11, DISPLAY=:0, _=/usr/lib/jvm/java-8-oracle/bin/java, GPG_AGENT_INFO=/run/user/1000/gnupg/S.gpg-agent:0:1, DESKTOP_SESSION=ubuntu, USER=lucas, XDG_MENU_PREFIX=gnome-, GIO_LAUNCHED_DESKTOP_FILE_PID=9947, QT_ACCESSIBILITY=1, WINDOWPATH=2, GJS_DEBUG_OUTPUT=stderr, SSH_AUTH_SOCK=/run/user/1000/keyring/ssh, XDG_SEAT=seat0, GNOME_SHELL_SESSION_MODE=ubuntu, XDG_VTNR=2, XDG_RUNTIME_DIR=/run/user/1000, HOME=/home/lucas}}]
01:26:19.190 [main] DEBUG org.springframework.core.io.support.PathMatchingResourcePatternResolver - Resolved classpath location [com/ctl/] to resources [URL [file:/home/lucas/%c3%81rea%20de%20Trabalho/IDV/target/test-classes/com/ctl/]]
01:26:19.190 [main] DEBUG org.springframework.core.io.support.PathMatchingResourcePatternResolver - Looking for matching resources in directory tree [/home/lucas/Área de Trabalho/IDV/target/test-classes/com/ctl]
01:26:19.190 [main] DEBUG org.springframework.core.io.support.PathMatchingResourcePatternResolver - Searching directory [/home/lucas/Área de Trabalho/IDV/target/test-classes/com/ctl] for files matching pattern [/home/lucas/Área de Trabalho/IDV/target/test-classes/com/ctl/*.class]
01:26:19.192 [main] DEBUG org.springframework.core.io.support.PathMatchingResourcePatternResolver - Resolved location pattern [classpath*:com/ctl/*.class] to resources [file [/home/lucas/Área de Trabalho/IDV/target/test-classes/com/ctl/LabApplicationTests.class]]
01:26:19.195 [main] DEBUG org.springframework.core.io.support.PathMatchingResourcePatternResolver - Resolved classpath location [com/] to resources [URL [file:/home/lucas/%c3%81rea%20de%20Trabalho/IDV/target/test-classes/com/], URL [file:/home/lucas/%c3%81rea%20de%20Trabalho/IDV/target/classes/com/], URL [jar:file:/home/lucas/.m2/repository/mysql/mysql-connector-java/5.1.44/mysql-connector-java-5.1.44.jar!/com/], URL [jar:file:/home/lucas/.m2/repository/com/fasterxml/classmate/1.3.4/classmate-1.3.4.jar!/com/], URL [jar:file:/home/lucas/.m2/repository/com/fasterxml/jackson/core/jackson-databind/2.8.10/jackson-databind-2.8.10.jar!/com/], URL [jar:file:/home/lucas/.m2/repository/com/fasterxml/jackson/core/jackson-annotations/2.8.0/jackson-annotations-2.8.0.jar!/com/], URL [jar:file:/home/lucas/.m2/repository/com/fasterxml/jackson/core/jackson-core/2.8.10/jackson-core-2.8.10.jar!/com/], URL [jar:file:/home/lucas/.m2/repository/com/jayway/jsonpath/json-path/2.2.0/json-path-2.2.0.jar!/com/]]
01:26:19.196 [main] DEBUG org.springframework.core.io.support.PathMatchingResourcePatternResolver - Looking for matching resources in directory tree [/home/lucas/Área de Trabalho/IDV/target/test-classes/com]
01:26:19.196 [main] DEBUG org.springframework.core.io.support.PathMatchingResourcePatternResolver - Searching directory [/home/lucas/Área de Trabalho/IDV/target/test-classes/com] for files matching pattern [/home/lucas/Área de Trabalho/IDV/target/test-classes/com/*.class]
01:26:19.197 [main] DEBUG org.springframework.core.io.support.PathMatchingResourcePatternResolver - Looking for matching resources in directory tree [/home/lucas/Área de Trabalho/IDV/target/classes/com]
01:26:19.199 [main] DEBUG org.springframework.core.io.support.PathMatchingResourcePatternResolver - Searching directory [/home/lucas/Área de Trabalho/IDV/target/classes/com] for files matching pattern [/home/lucas/Área de Trabalho/IDV/target/classes/com/*.class]
01:26:19.200 [main] DEBUG org.springframework.core.io.support.PathMatchingResourcePatternResolver - Looking for matching resources in jar file [file:/home/lucas/.m2/repository/mysql/mysql-connector-java/5.1.44/mysql-connector-java-5.1.44.jar]
01:26:19.205 [main] DEBUG org.springframework.core.io.support.PathMatchingResourcePatternResolver - Looking for matching resources in jar file [file:/home/lucas/.m2/repository/com/fasterxml/classmate/1.3.4/classmate-1.3.4.jar]
01:26:19.206 [main] DEBUG org.springframework.core.io.support.PathMatchingResourcePatternResolver - Looking for matching resources in jar file [file:/home/lucas/.m2/repository/com/fasterxml/jackson/core/jackson-databind/2.8.10/jackson-databind-2.8.10.jar]
01:26:19.215 [main] DEBUG org.springframework.core.io.support.PathMatchingResourcePatternResolver - Looking for matching resources in jar file [file:/home/lucas/.m2/repository/com/fasterxml/jackson/core/jackson-annotations/2.8.0/jackson-annotations-2.8.0.jar]
01:26:19.218 [main] DEBUG org.springframework.core.io.support.PathMatchingResourcePatternResolver - Looking for matching resources in jar file [file:/home/lucas/.m2/repository/com/fasterxml/jackson/core/jackson-core/2.8.10/jackson-core-2.8.10.jar]
01:26:19.220 [main] DEBUG org.springframework.core.io.support.PathMatchingResourcePatternResolver - Looking for matching resources in jar file [file:/home/lucas/.m2/repository/com/jayway/jsonpath/json-path/2.2.0/json-path-2.2.0.jar]
01:26:19.222 [main] DEBUG org.springframework.core.io.support.PathMatchingResourcePatternResolver - Resolved location pattern [classpath*:com/*.class] to resources []
]]></system-out>
  </testcase>
</testsuite>